# JRE version: Java(TM) SE Runtime Environment (8.0_181-b13) (build 1.8.0_181-b13)
# Java VM: Java HotSpot(TM) 64-Bit Server VM (25.181-b13 mixed mode bsd-amd64 compressed oops)
Heap:
 PSYoungGen      total 27136K, used 4833K [0x00000007b5580000, 0x00000007b8800000, 0x00000007c0000000)
  eden space 26624K, 18% used [0x00000007b5580000,0x00000007b5a38498,0x00000007b6f80000)
  from space 512K, 0% used [0x00000007b7800000,0x00000007b7800000,0x00000007b7880000)
  to   space 8704K, 0% used [0x00000007b6f80000,0x00000007b6f80000,0x00000007b7800000)
 ParOldGen       total 282624K, used 52739K [0x00000007a0000000, 0x00000007b1400000, 0x00000007b5580000)
  object space 282624K, 18% used [0x00000007a0000000,0x00000007a3380c10,0x00000007b1400000)
 Metaspace       used 68189K, capacity 70400K, committed 72536K, reserved 1112064K
  class space    used 9107K, capacity 9794K, committed 10368K, reserved 1048576K
GC Heap History (10 events):
Event: 20275.773 GC heap before
{Heap before GC invocations=1811 (full 4):
 PSYoungGen      total 34816K, used 34756K [0x00000007b5580000, 0x00000007b7880000, 0x00000007c0000000)
  eden space 34304K, 100% used [0x00000007b5580000,0x00000007b7700000,0x00000007b7700000)
  from space 512K, 88% used [0x00000007b7800000,0x00000007b7871038,0x00000007b7880000)
  to   space 512K, 0% used [0x00000007b7780000,0x00000007b7780000,0x00000007b7800000)
 ParOldGen       total 248832K, used 226427K [0x00000007a0000000, 0x00000007af300000, 0x00000007b5580000)
  object space 248832K, 90% used [0x00000007a0000000,0x00000007add1ef60,0x00000007af300000)
 Metaspace       used 69343K, capacity 72286K, committed 72536K, reserved 1112064K
  class space    used 9292K, capacity 10246K, committed 10368K, reserved 1048576K
Event: 20275.781 GC heap after
Heap after GC invocations=1811 (full 4):
 PSYoungGen      total 34816K, used 456K [0x00000007b5580000, 0x00000007b7880000, 0x00000007c0000000)
  eden space 34304K, 0% used [0x00000007b5580000,0x00000007b5580000,0x00000007b7700000)
  from space 512K, 89% used [0x00000007b7780000,0x00000007b77f2070,0x00000007b7800000)
  to   space 512K, 0% used [0x00000007b7800000,0x00000007b7800000,0x00000007b7880000)
 ParOldGen       total 248832K, used 226427K [0x00000007a0000000, 0x00000007af300000, 0x00000007b5580000)
  object space 248832K, 90% used [0x00000007a0000000,0x00000007add1ef60,0x00000007af300000)
 Metaspace       used 69343K, capacity 72286K, committed 72536K, reserved 1112064K
  class space    used 9292K, capacity 10246K, committed 10368K, reserved 1048576K
}
Event: 20279.911 GC heap before
{Heap before GC invocations=1812 (full 4):
 PSYoungGen      total 34816K, used 34760K [0x00000007b5580000, 0x00000007b7880000, 0x00000007c0000000)
  eden space 34304K, 100% used [0x00000007b5580000,0x00000007b7700000,0x00000007b7700000)
  from space 512K, 89% used [0x00000007b7780000,0x00000007b77f2070,0x00000007b7800000)
  to   space 512K, 0% used [0x00000007b7800000,0x00000007b7800000,0x00000007b7880000)
 ParOldGen       total 248832K, used 226427K [0x00000007a0000000, 0x00000007af300000, 0x00000007b5580000)
  object space 248832K, 90% used [0x00000007a0000000,0x00000007add1ef60,0x00000007af300000)
 Metaspace       used 69343K, capacity 72286K, committed 72536K, reserved 1112064K
  class space    used 9292K, capacity 10246K, committed 10368K, reserved 1048576K
Event: 20279.918 GC heap after
Heap after GC invocations=1812 (full 4):
 PSYoungGen      total 34816K, used 388K [0x00000007b5580000, 0x00000007b7880000, 0x00000007c0000000)
  eden space 34304K, 0% used [0x00000007b5580000,0x00000007b5580000,0x00000007b7700000)
  from space 512K, 75% used [0x00000007b7800000,0x00000007b7861038,0x00000007b7880000)
  to   space 512K, 0% used [0x00000007b7780000,0x00000007b7780000,0x00000007b7800000)
 ParOldGen       total 248832K, used 226427K [0x00000007a0000000, 0x00000007af300000, 0x00000007b5580000)
  object space 248832K, 90% used [0x00000007a0000000,0x00000007add1ef60,0x00000007af300000)
 Metaspace       used 69343K, capacity 72286K, committed 72536K, reserved 1112064K
  class space    used 9292K, capacity 10246K, committed 10368K, reserved 1048576K
}
Event: 20288.002 GC heap before
{Heap before GC invocations=1813 (full 4):
 PSYoungGen      total 34816K, used 34692K [0x00000007b5580000, 0x00000007b7880000, 0x00000007c0000000)
  eden space 34304K, 100% used [0x00000007b5580000,0x00000007b7700000,0x00000007b7700000)
  from space 512K, 75% used [0x00000007b7800000,0x00000007b7861038,0x00000007b7880000)
  to   space 512K, 0% used [0x00000007b7780000,0x00000007b7780000,0x00000007b7800000)
 ParOldGen       total 248832K, used 226427K [0x00000007a0000000, 0x00000007af300000, 0x00000007b5580000)
  object space 248832K, 90% used [0x00000007a0000000,0x00000007add1ef60,0x00000007af300000)
 Metaspace       used 69343K, capacity 72286K, committed 72536K, reserved 1112064K
  class space    used 9292K, capacity 10246K, committed 10368K, reserved 1048576K
Event: 20288.005 GC heap after
Heap after GC invocations=1813 (full 4):
 PSYoungGen      total 34816K, used 356K [0x00000007b5580000, 0x00000007b7880000, 0x00000007c0000000)
  eden space 34304K, 0% used [0x00000007b5580000,0x00000007b5580000,0x00000007b7700000)
  from space 512K, 69% used [0x00000007b7780000,0x00000007b77d9038,0x00000007b7800000)
  to   space 512K, 0% used [0x00000007b7800000,0x00000007b7800000,0x00000007b7880000)
 ParOldGen       total 248832K, used 226427K [0x00000007a0000000, 0x00000007af300000, 0x00000007b5580000)
  object space 248832K, 90% used [0x00000007a0000000,0x00000007add1ef60,0x00000007af300000)
 Metaspace       used 69343K, capacity 72286K, committed 72536K, reserved 1112064K
  class space    used 9292K, capacity 10246K, committed 10368K, reserved 1048576K
}
Event: 20289.310 GC heap before
{Heap before GC invocations=1814 (full 4):
 PSYoungGen      total 34816K, used 34660K [0x00000007b5580000, 0x00000007b7880000, 0x00000007c0000000)
  eden space 34304K, 100% used [0x00000007b5580000,0x00000007b7700000,0x00000007b7700000)
  from space 512K, 69% used [0x00000007b7780000,0x00000007b77d9038,0x00000007b7800000)
  to   space 512K, 0% used [0x00000007b7800000,0x00000007b7800000,0x00000007b7880000)
 ParOldGen       total 248832K, used 226427K [0x00000007a0000000, 0x00000007af300000, 0x00000007b5580000)
  object space 248832K, 90% used [0x00000007a0000000,0x00000007add1ef60,0x00000007af300000)
 Metaspace       used 69367K, capacity 72314K, committed 72536K, reserved 1112064K
  class space    used 9295K, capacity 10250K, committed 10368K, reserved 1048576K
Event: 20289.317 GC heap after
Heap after GC invocations=1814 (full 4):
 PSYoungGen      total 27136K, used 493K [0x00000007b5580000, 0x00000007b8800000, 0x00000007c0000000)
  eden space 26624K, 0% used [0x00000007b5580000,0x00000007b5580000,0x00000007b6f80000)
  from space 512K, 96% used [0x00000007b7800000,0x00000007b787b6f0,0x00000007b7880000)
  to   space 8704K, 0% used [0x00000007b6f80000,0x00000007b6f80000,0x00000007b7800000)
 ParOldGen       total 248832K, used 248447K [0x00000007a0000000, 0x00000007af300000, 0x00000007b5580000)
  object space 248832K, 99% used [0x00000007a0000000,0x00000007af29fd60,0x00000007af300000)
 Metaspace       used 69367K, capacity 72314K, committed 72536K, reserved 1112064K
  class space    used 9295K, capacity 10250K, committed 10368K, reserved 1048576K
}
Event: 20289.317 GC heap before
{Heap before GC invocations=1815 (full 5):
 PSYoungGen      total 27136K, used 493K [0x00000007b5580000, 0x00000007b8800000, 0x00000007c0000000)
  eden space 26624K, 0% used [0x00000007b5580000,0x00000007b5580000,0x00000007b6f80000)
  from space 512K, 96% used [0x00000007b7800000,0x00000007b787b6f0,0x00000007b7880000)
  to   space 8704K, 0% used [0x00000007b6f80000,0x00000007b6f80000,0x00000007b7800000)
 ParOldGen       total 248832K, used 248447K [0x00000007a0000000, 0x00000007af300000, 0x00000007b5580000)
  object space 248832K, 99% used [0x00000007a0000000,0x00000007af29fd60,0x00000007af300000)
 Metaspace       used 69367K, capacity 72314K, committed 72536K, reserved 1112064K
  class space    used 9295K, capacity 10250K, committed 10368K, reserved 1048576K
Event: 20289.408 GC heap after
Heap after GC invocations=1815 (full 5):
 PSYoungGen      total 27136K, used 0K [0x00000007b5580000, 0x00000007b8800000, 0x00000007c0000000)
  eden space 26624K, 0% used [0x00000007b5580000,0x00000007b5580000,0x00000007b6f80000)
  from space 512K, 0% used [0x00000007b7800000,0x00000007b7800000,0x00000007b7880000)
  to   space 8704K, 0% used [0x00000007b6f80000,0x00000007b6f80000,0x00000007b7800000)
 ParOldGen       total 282624K, used 52739K [0x00000007a0000000, 0x00000007b1400000, 0x00000007b5580000)
  object space 282624K, 18% used [0x00000007a0000000,0x00000007a3380c10,0x00000007b1400000)
 Metaspace       used 68186K, capacity 70400K, committed 72536K, reserved 1112064K
  class space    used 9106K, capacity 9794K, committed 10368K, reserved 1048576K
}

